CMake Error at /home/joagz/esp-idf/tools/cmake/scripts/fail.cmake:3 (message):
  Failing the build (see errors on lines above)


make[2]: *** [esp-idf/main/CMakeFiles/spiffs_storage_bin.dir/build.make:72: esp-idf/main/CMakeFiles/spiffs_storage_bin] Error 1
make[1]: *** [CMakeFiles/Makefile2:5506: esp-idf/main/CMakeFiles/spiffs_storage_bin.dir/all] Error 2
make[1]: *** Waiting for unfinished jobs....
make: *** [Makefile:136: all] Error 2
